+++ getTipoProcedimiento : País: 'ECUADOR'
+++ getDate text '20/11/2024'
+++ getDate results: '20-11-2024'
+++ certificadoString: 'CRU-CO-0093-23'

+++ Vehiculo: 'REMOLQUE' : '{'marca': 'ROMARCO', 'anho': '2023', 'pais': 'Colombia', 'placa': 'S29062', 'chasis': None, 'certificado': 'CRU-CO-0093-23', 'tipo': 'TRACTOCAMION'}'
+++ certificadoString: 'CH-CO-0085-23'

+++ Vehiculo: 'VEHICULO' : '{'marca': 'INTERNATIONAL', 'anho': '2008', 'pais': 'Colombia', 'placa': 'SAV206', 'chasis': '3HSCNAPT67N540479', 'certificado': 'CH-CO-0085-23', 'tipo': 'TRACTOCAMION'}'
+++ getDate text 'GUILLERMO MONTENEGRO'
SERVER: No existe fecha en texto 'GUILLERMO MONTENEGRO'

+++ Conductor '{'pais': 'COLOMBIA', 'tipoDoc': 'CEDULA DE IDENTIDAD', 'documento': '12.950.136', 'sexo': 'Hombre', 'fecha_nacimiento': '||LOW', 'nombre': 'GUILLERMO MONTENEGRO', 'licencia': '12.950.136'}'

>>>>>> Datos sobre la carga <<<
+++ getCiudadPais: text 'GUAYAQUIL - ECUADOR'
+++ pais 'ECUADOR'
+++ ciudad 'GUAYAQUIL'
+++ getCiudadPais: text 'IPIALES - COLOMBIA'
+++ pais 'COLOMBIA'
+++ ciudad 'IPIALES'
+++ getCiudadPais: text 'IPIALES'
+++ pais 'None'
+++ ciudad ''
+++ AduanaDestino text: 'IPIALES':: ciudad, pais:: 'IPIALES', 'COLOMBIA'

+++ Unidades medida '{'pesoNetoTotal': '23,824.00', 'pesoBrutoTotal': '23,824.00', 'otraUnidadTotal': None}'
+++ getCiudadPais: text 'TULCAN'
+++ pais 'None'
+++ ciudad ''
+++ AduanaDestino text: 'TULCAN':: ciudad, pais:: 'TULCAN', 'ECUADOR'
+++ getCiudadPais: text '34 Precio de las mercancías (INCOTERMS 2020) y tipo de moneda  IPIALES US '
+++ pais 'None'
+++ ciudad ''

+++ Incoterm text '34 Precio de las mercancías (INCOTERMS 2020) y tipo de moneda  IPIALES US '
+++ Incoterm info '{'incoterm': 'CPT', 'precio': '14175.27', 'moneda': 'USD', 'pais': 'COLOMBIA', 'ciudad': 'IPIALES'}'
+++ getNumeroCartaporte::text '061984-24'
+++ Info Unidad carga '{'id': 'FCBU9530829', 'tipo': 'CONTAINER IC 40 FEET', 'condicion': 'LLENO', 'tipoCarga': 'CARGA CONTENERIZADA||LOW'}'
+++ getTipoProcedimiento : País: 'ECUADOR'
