
>>>>>> Carta de Porte Internacional por Carretera <<<
+++ getTipoProcedimiento : Pa押: 'ECUADOR'
SERVER: Extrayendo c祚igo para el deposito 'LIMITADA'


+++ SubjectInfo for '02_Remitente' in text:
IPAC S.A
KM 10 1/2 V페 A DAULE S/N (LOTIZACI흁 LOS VERGELES)
GUAYAQUIL - ECUADOR RUC. 0991344004001
+++ replaced text 'IPAC S.A
KM 10 1/2 V페 A DAULE S/N (LOTIZACI흁 LOS VERGELES)
GUAYAQUIL - ECUADOR '
+++ Subject Info: Removed Id '{'nombre': None, 'direccion': None, 'pais': None, 'ciudad': None, 'tipoId': 'RUC', 'numeroId': '0991344004001'}'
'IPAC S.A
KM 10 1/2 V페 A DAULE S/N (LOTIZACI흁 LOS VERGELES)
GUAYAQUIL - ECUADOR '
+++ Subject Info: Removed Ciudad-Pais '{'nombre': None, 'direccion': None, 'pais': 'ECUADOR', 'ciudad': 'GUAYAQUIL', 'tipoId': 'RUC', 'numeroId': '0991344004001'}'
'IPAC S.A
KM 10 1/2 V페 A DAULE S/N (LOTIZACI흁 LOS VERGELES)'
+++ Subject Info: Removed NombreDireccion '{'nombre': 'IPAC S.A', 'direccion': 'KM 10 1/2 V페 A DAULE S/N (LOTIZACI흁 LOS VERGELES)', 'pais': 'ECUADOR', 'ciudad': 'GUAYAQUIL', 'tipoId': 'RUC', 'numeroId': '0991344004001'}'
'IPAC S.A
KM 10 1/2 V페 A DAULE S/N (LOTIZACI흁 LOS VERGELES)'
+++ Subject info: '{'nombre': 'IPAC S.A', 'direccion': 'KM 10 1/2 V페 A DAULE S/N (LOTIZACI흁 LOS VERGELES)', 'pais': 'ECUADOR', 'ciudad': 'GUAYAQUIL', 'tipoId': 'RUC', 'numeroId': '0991344004001'}'


+++ SubjectInfo for '03_Destinatario' in text:
AGOFER S.A.S
CALLE 12A N 38 - 45
BOGOTA - COLOMBIA NIT. 8002164991
+++ replaced text 'AGOFER S.A.S
CALLE 12A N 38 - 45
BOGOTA - COLOMBIA '
+++ Subject Info: Removed Id '{'nombre': None, 'direccion': None, 'pais': None, 'ciudad': None, 'tipoId': 'NIT', 'numeroId': '8002164991'}'
'AGOFER S.A.S
CALLE 12A N 38 - 45
BOGOTA - COLOMBIA '
+++ Subject Info: Removed Ciudad-Pais '{'nombre': None, 'direccion': None, 'pais': 'COLOMBIA', 'ciudad': 'BOGOTA', 'tipoId': 'NIT', 'numeroId': '8002164991'}'
'AGOFER S.A.S
CALLE 12A N 38 - 45'
+++ Subject Info: Removed NombreDireccion '{'nombre': 'AGOFER S.A.S', 'direccion': 'CALLE 12A N 38 - 45', 'pais': 'COLOMBIA', 'ciudad': 'BOGOTA', 'tipoId': 'NIT', 'numeroId': '8002164991'}'
'AGOFER S.A.S
CALLE 12A N 38 - 45'
+++ Subject info: '{'nombre': 'AGOFER S.A.S', 'direccion': 'CALLE 12A N 38 - 45', 'pais': 'COLOMBIA', 'ciudad': 'BOGOTA', 'tipoId': 'NIT', 'numeroId': '8002164991'}'


+++ SubjectInfo for '04_Consignatario' in text:
AGOFER S.A.S
CALLE 12A N 38 - 45
BOGOTA - COLOMBIA NIT. 8002164991
+++ replaced text 'AGOFER S.A.S
CALLE 12A N 38 - 45
BOGOTA - COLOMBIA '
+++ Subject Info: Removed Id '{'nombre': None, 'direccion': None, 'pais': None, 'ciudad': None, 'tipoId': 'NIT', 'numeroId': '8002164991'}'
'AGOFER S.A.S
CALLE 12A N 38 - 45
BOGOTA - COLOMBIA '
+++ Subject Info: Removed Ciudad-Pais '{'nombre': None, 'direccion': None, 'pais': 'COLOMBIA', 'ciudad': 'BOGOTA', 'tipoId': 'NIT', 'numeroId': '8002164991'}'
'AGOFER S.A.S
CALLE 12A N 38 - 45'
+++ Subject Info: Removed NombreDireccion '{'nombre': 'AGOFER S.A.S', 'direccion': 'CALLE 12A N 38 - 45', 'pais': 'COLOMBIA', 'ciudad': 'BOGOTA', 'tipoId': 'NIT', 'numeroId': '8002164991'}'
'AGOFER S.A.S
CALLE 12A N 38 - 45'
+++ Subject info: '{'nombre': 'AGOFER S.A.S', 'direccion': 'CALLE 12A N 38 - 45', 'pais': 'COLOMBIA', 'ciudad': 'BOGOTA', 'tipoId': 'NIT', 'numeroId': '8002164991'}'


+++ SubjectInfo for '05_Notificado' in text:
AGENCIA DE ADUANAS ABC REPECEV S.A. NIVEL 1
CARRERA 6TA N 13-09 OFICINA 603
IPIALES - COLOMBIA
+++ Subject Info: Removed Id '{'nombre': None, 'direccion': None, 'pais': None, 'ciudad': None, 'tipoId': None, 'numeroId': None}'
'AGENCIA DE ADUANAS ABC REPECEV S.A. NIVEL 1
CARRERA 6TA N 13-09 OFICINA 603
IPIALES - COLOMBIA'
+++ Subject Info: Removed Ciudad-Pais '{'nombre': None, 'direccion': None, 'pais': 'COLOMBIA', 'ciudad': 'IPIALES', 'tipoId': None, 'numeroId': None}'
'AGENCIA DE ADUANAS ABC REPECEV S.A. NIVEL 1
CARRERA 6TA N 13-09 OFICINA 603'
+++ Subject Info: Removed NombreDireccion '{'nombre': 'AGENCIA DE ADUANAS ABC REPECEV S.A. NIVEL 1', 'direccion': 'CARRERA 6TA N 13-09 OFICINA 603', 'pais': 'COLOMBIA', 'ciudad': 'IPIALES', 'tipoId': None, 'numeroId': None}'
'AGENCIA DE ADUANAS ABC REPECEV S.A. NIVEL 1
CARRERA 6TA N 13-09 OFICINA 603'
+++ Subject info: '{'nombre': 'AGENCIA DE ADUANAS ABC REPECEV S.A. NIVEL 1', 'direccion': 'CARRERA 6TA N 13-09 OFICINA 603', 'pais': 'COLOMBIA', 'ciudad': 'IPIALES', 'tipoId': None, 'numeroId': None}'
+++ getDate text 'GUAYAQUIL - ECUADOR 29/11/2024'
+++ getDate results: '29-11-2024'
+++ Location/Date text for '06_Recepcion': '{'ciudad': 'GUAYAQUIL', 'pais': 'ECUADOR', 'fecha': '29-11-2024'}'
+++ Location/Date info for '06_Recepcion': '{'ciudad': 'GUAYAQUIL', 'pais': 'ECUADOR', 'fecha': '29-11-2024'}'
+++ getDate text 'GUAYAQUIL - ECUADOR 29/11/2024'
+++ getDate results: '29-11-2024'
+++ Location/Date text for '07_Embarque': '{'ciudad': 'GUAYAQUIL', 'pais': 'ECUADOR', 'fecha': '29-11-2024'}'
+++ Location/Date info for '07_Embarque': '{'ciudad': 'GUAYAQUIL', 'pais': 'ECUADOR', 'fecha': '29-11-2024'}'
+++ getDate text 'IPIALES- COLOMBIA'
SERVER: No existe fecha en texto 'IPIALES- COLOMBIA'
+++ Location/Date text for '08_Entrega': '{'ciudad': 'IPIALES', 'pais': 'COLOMBIA', 'fecha': '||LOW'}'
+++ getTipoProcedimiento : Pa押: 'ECUADOR'
+++ Location/Date info for '08_Entrega': '{'ciudad': 'IPIALES', 'pais': 'COLOMBIA', 'fecha': '06-12-2024||LOW'}'
+++ Condiciones Pago/Transporte '{'pago': 'POR COBRAR||LOW', 'transporte': 'DIRECTO, SIN CAMBIO DEL CAMION'}'
+++ Unidades de Medida: '{'pesoNeto': '31,274.00', 'pesoBruto': '31,504.00', 'volumen': None, 'otraUnidad': None}'
+++ Mercancia info '{'cantidad': '16', 'embalaje': 'PAQUETES||LOW', 'marcas': 'SIN MARCAS', 'descripcion': 'CANERIA ASTM BISELADA\nCA헨RIA ISO II\nTUBO ESTRUCTURAL RECTANGULAR ASTM\nTUBO ESTRUCTURAL CUADRADO ASTM'}'
ERROR: 1,380.00||ERROR
ERROR: 1,380.00||ERROR

+++ Gastos Info: '{'fleteRemi': '1,380.00||ERROR', 'monedaRemi': 'USD', 'fleteDest': 0.0, 'monedaDest': 'USD', 'otrosRemi': 0.0, 'otrosRemiMoneda': 'USD', 'otrosDest': 0.0, 'otrosDestMoneda': 'USD', 'totalRemi': '1,380.00||ERROR', 'totalRemiMoneda': 'USD', 'totalDest': 0.0, 'totalDestMoneda': 'USD', 'seguroDest': 0.0, 'seguroRemi': 0.0}'
SERVER: Traceback (most recent call last):
  File "Z:\bot6\ecuserver\ecuapassdocs\info\ecuapass_info_cartaporte.py", line 425, in checkTotals
    total = sum ([FLOAT (gastos [k]) for k in valuesKeys])
                 ^^^^^^^^^^^^^^^^^^^^^^^^^^^^^^^^^^^^^^^^
  File "Z:\bot6\ecuserver\ecuapassdocs\info\ecuapass_info_cartaporte.py", line 425, in <listcomp>
    total = sum ([FLOAT (gastos [k]) for k in valuesKeys])
                  ^^^^^^^^^^^^^^^^^^
  File "Z:\bot6\ecuserver\ecuapassdocs\info\ecuapass_info_cartaporte.py", line 410, in FLOAT
    return float (value) if value else 0.0
           ^^^^^^^^^^^^^
ValueError: could not convert string to float: '1,380.00||ERROR'


+++ Gastos info totals: '{'fleteRemi': '1,380.00||ERROR', 'monedaRemi': 'USD', 'fleteDest': 0.0, 'monedaDest': 'USD', 'otrosRemi': '0.0||ERROR', 'otrosRemiMoneda': 'USD', 'otrosDest': 0.0, 'otrosDestMoneda': 'USD', 'totalRemi': '1,380.00||ERROR', 'totalRemiMoneda': 'USD', 'totalDest': 0.0, 'totalDestMoneda': 'USD', 'seguroDest': 0.0, 'seguroRemi': 0.0}'
+++ Documentos info: 'FACTURA COMERCIAL N 001-002-000027698'
+++ getDate text 'QUITO - ECUADOR 29/11/2024'
+++ getDate results: '29-11-2024'
+++ Location/Date text for '19_Emision': '{'ciudad': 'QUITO', 'pais': 'ECUADOR', 'fecha': '29-11-2024'}'
+++ Location/Date info for '19_Emision': '{'ciudad': 'QUITO', 'pais': 'ECUADOR', 'fecha': '29-11-2024'}'
+++ getCiudadPais: text ' IPIALES US '
+++ pais 'None'
+++ ciudad ''

+++ Incoterm text ' IPIALES US '
+++ Incoterm info '{'incoterm': 'CPT', 'precio': '28469.39', 'moneda': 'USD', 'pais': 'COLOMBIA', 'ciudad': 'IPIALES'}'
+++ 21: Instrucciones info: CARGA SUELTA
MERCANCIA INGRESA EN MEGABODEGAS LIMITADA
AV PANAMERICANA NORTE CALLE 3ERA ESTE NO 2 10
IPIALES COLOMBIA
+++ 22: Observaciones info: 
+++ getTipoProcedimiento : Pa押: 'ECUADOR'
